app/build/outputs/logs/manifest-merger-debug-report.txt
-- Merging decision tree log ---
manifest
ADDED from src/main/AndroidManifest.xml:2:1-153:12
INJECTED from src/main/AndroidManifest.xml:2:1-153:12
INJECTED from src/main/AndroidManifest.xml:2:1-153:12
INJECTED from src/main/AndroidManifest.xml:2:1-153:12
MERGED from [com.android.support:multidex:1.0.3] AndroidManifest.xml:17:1-22:12
MERGED from [com.crashlytics.sdk.android:crashlytics:2.9.4] AndroidManifest.xml:2:1-19:12
MERGED from [:gallerypick] AndroidManifest.xml:2:1-41:12
MERGED from [com.android.support:design:27.1.1] AndroidManifest.xml:17:1-22:12
MERGED from [com.facebook.android:facebook-android-sdk:4.33.0] AndroidManifest.xml:21:1-31:12
MERGED from [com.facebook.android:facebook-login:4.33.0] AndroidManifest.xml:21:1-31:12
MERGED from [com.rengwuxian.materialedittext:library:2.1.4] AndroidManifest.xml:2:1-10:12
MERGED from [com.github.everhad:AndroidRatingStar:v1.0.1] AndroidManifest.xml:2:1-17:12
MERGED from [com.ryanjeffreybrooks:indefinitepagerindicator:1.0.9] AndroidManifest.xml:2:1-11:12
MERGED from [com.yalantis:ucrop:2.2.0] AndroidManifest.xml:2:1-12:12
MERGED from [com.facebook.android:facebook-share:4.33.0] AndroidManifest.xml:21:1-31:12
MERGED from [com.facebook.android:facebook-common:4.33.0] AndroidManifest.xml:21:1-36:12
MERGED from [com.android.support:appcompat-v7:27.1.1] AndroidManifest.xml:17:1-22:12
MERGED from [com.android.support:recyclerview-v7:27.1.1] AndroidManifest.xml:17:1-22:12
MERGED from [com.google.android.gms:play-services-auth:15.0.1] AndroidManifest.xml:17:1-39:12
MERGED from [com.google.firebase:firebase-auth:16.0.2] AndroidManifest.xml:17:1-38:12
MERGED from [com.google.firebase:firebase-messaging:17.0.0] AndroidManifest.xml:17:1-37:12
MERGED from [com.google.android.gms:play-services-auth-api-phone:15.0.1] AndroidManifest.xml:2:1-7:12
MERGED from [com.google.android.gms:play-services-auth-base:15.0.1] AndroidManifest.xml:2:1-7:12
MERGED from [com.google.android.gms:play-services-flags:15.0.1] AndroidManifest.xml:17:1-22:12
MERGED from [com.google.firebase:firebase-auth-interop:16.0.0] AndroidManifest.xml:2:1-10:12
MERGED from [com.google.firebase:firebase-core:16.0.1] AndroidManifest.xml:2:1-9:12
MERGED from [com.google.firebase:firebase-measurement-connector-impl:16.0.1] AndroidManifest.xml:17:1-34:12
MERGED from [com.google.firebase:firebase-analytics:16.0.1] AndroidManifest.xml:17:1-55:12
MERGED from [com.google.firebase:firebase-analytics-impl:16.1.1] AndroidManifest.xml:17:1-40:12
MERGED from [com.google.firebase:firebase-iid:16.0.0] AndroidManifest.xml:17:1-65:12
MERGED from [com.google.firebase:firebase-iid-interop:16.0.0] AndroidManifest.xml:2:1-10:12
MERGED from [com.google.android.gms:play-services-base:15.0.1] AndroidManifest.xml:17:1-29:12
MERGED from [com.google.firebase:firebase-common:16.0.0] AndroidManifest.xml:2:1-16:12
MERGED from [com.google.android.gms:play-services-tasks:15.0.1] AndroidManifest.xml:2:1-9:12
MERGED from [com.google.firebase:firebase-measurement-connector:16.0.0] AndroidManifest.xml:17:1-25:12
MERGED from [com.google.android.gms:play-services-stats:15.0.1] AndroidManifest.xml:2:1-9:12
MERGED from [com.google.android.gms:play-services-ads-identifier:15.0.1] AndroidManifest.xml:17:1-24:12
MERGED from [com.google.android.gms:play-services-basement:15.0.1] AndroidManifest.xml:17:1-28:12
MERGED from [com.android.support:support-v4:27.1.1] AndroidManifest.xml:17:1-22:12
MERGED from [com.jakewharton:butterknife:8.8.1] AndroidManifest.xml:2:1-7:12
MERGED from [com.android.support:transition:27.1.1] AndroidManifest.xml:17:1-22:12
MERGED from [com.android.support:customtabs:27.0.2] AndroidManifest.xml:17:1-22:12
MERGED from [com.android.support:support-fragment:27.1.1] AndroidManifest.xml:17:1-22:12
MERGED from [com.android.support:animated-vector-drawable:27.1.1] AndroidManifest.xml:17:1-22:12
MERGED from [com.android.support:support-vector-drawable:27.1.1] AndroidManifest.xml:17:1-22:12
MERGED from [com.android.support:support-core-ui:27.1.1] AndroidManifest.xml:17:1-22:12
MERGED from [com.facebook.android:facebook-places:4.33.0] AndroidManifest.xml:21:1-31:12
MERGED from [com.facebook.android:facebook-applinks:4.33.0] AndroidManifest.xml:21:1-31:12
MERGED from [com.facebook.android:facebook-messenger:4.33.0] AndroidManifest.xml:21:1-31:12
MERGED from [com.facebook.android:facebook-core:4.33.0] AndroidManifest.xml:21:1-53:12
MERGED from [com.android.support:support-core-utils:27.1.1] AndroidManifest.xml:17:1-22:12
MERGED from [com.android.support:support-media-compat:27.1.1] AndroidManifest.xml:17:1-22:12
MERGED from [com.android.support:support-compat:27.1.1] AndroidManifest.xml:17:1-22:12
MERGED from [com.gongwen:swipeback:1.0.2] AndroidManifest.xml:2:1-11:12
MERGED from [de.hdodenhof:circleimageview:2.2.0] AndroidManifest.xml:2:1-11:12
MERGED from [com.mikepenz:iconics-core:2.8.2] AndroidManifest.xml:2:1-12:12
MERGED from [com.mikepenz:google-material-typeface:3.0.1.0.original] AndroidManifest.xml:17:1-29:12
MERGED from [com.github.hrskrs:InstaDotView:1.1] AndroidManifest.xml:2:1-11:12
MERGED from [com.github.drawers:SpinnerDatePicker:1.0.6] AndroidManifest.xml:2:1-14:12
MERGED from [com.crashlytics.sdk.android:crashlytics-core:2.6.3] AndroidManifest.xml:45:1-56:12
MERGED from [com.crashlytics.sdk.android:beta:1.2.9] AndroidManifest.xml:2:1-13:12
MERGED from [com.crashlytics.sdk.android:answers:1.4.2] AndroidManifest.xml:2:1-13:12
MERGED from [io.fabric.sdk.android:fabric:1.4.3] AndroidManifest.xml:22:1-33:12
MERGED from [com.android.support:cardview-v7:27.0.2] AndroidManifest.xml:17:1-22:12
MERGED from [android.arch.lifecycle:runtime:1.1.0] AndroidManifest.xml:17:1-22:12
MERGED from [android.arch.lifecycle:livedata-core:1.1.0] AndroidManifest.xml:17:1-22:12
MERGED from [android.arch.lifecycle:viewmodel:1.1.0] AndroidManifest.xml:17:1-22:12
MERGED from [com.google.android.gms:play-services-measurement-base:16.0.0] AndroidManifest.xml:17:1-24:12
MERGED from [android.arch.core:runtime:1.1.0] AndroidManifest.xml:17:1-22:12
INJECTED from src/main/AndroidManifest.xml:2:1-153:12
INJECTED from src/main/AndroidManifest.xml:2:1-153:12
INJECTED from src/main/AndroidManifest.xml:2:1-153:12
	package
		ADDED from src/main/AndroidManifest.xml:4:5-44
		INJECTED from src/main/AndroidManifest.xml
		INJECTED from src/main/AndroidManifest.xml
	android:versionName
		INJECTED from src/main/AndroidManifest.xml
		ADDED from src/main/AndroidManifest.xml:2:1-153:12
		INJECTED from src/main/AndroidManifest.xml
	xmlns:tools
		ADDED from src/main/AndroidManifest.xml:3:5-51
	android:versionCode
		INJECTED from src/main/AndroidManifest.xml
		ADDED from src/main/AndroidManifest.xml:2:1-153:12
		INJECTED from src/main/AndroidManifest.xml
	xmlns:android
		ADDED from src/main/AndroidManifest.xml:2:11-69
uses-permission#android.permission.INTERNET
ADDED from src/main/AndroidManifest.xml:6:5-66
MERGED from [com.crashlytics.sdk.android:crashlytics:2.9.4] AndroidManifest.xml:9:5-67
MERGED from [com.crashlytics.sdk.android:crashlytics:2.9.4] AndroidManifest.xml:9:5-67
MERGED from [com.google.firebase:firebase-measurement-connector-impl:16.0.1] AndroidManifest.xml:22:5-67
MERGED from [com.google.firebase:firebase-measurement-connector-impl:16.0.1] AndroidManifest.xml:22:5-67
MERGED from [com.google.firebase:firebase-analytics:16.0.1] AndroidManifest.xml:23:5-67
MERGED from [com.google.firebase:firebase-analytics:16.0.1] AndroidManifest.xml:23:5-67
MERGED from [com.google.firebase:firebase-analytics-impl:16.1.1] AndroidManifest.xml:23:5-67
MERGED from [com.google.firebase:firebase-analytics-impl:16.1.1] AndroidManifest.xml:23:5-67
MERGED from [com.google.firebase:firebase-iid:16.0.0] AndroidManifest.xml:23:5-67
MERGED from [com.google.firebase:firebase-iid:16.0.0] AndroidManifest.xml:23:5-67
MERGED from [com.crashlytics.sdk.android:crashlytics-core:2.6.3] AndroidManifest.xml:52:5-67
MERGED from [com.crashlytics.sdk.android:crashlytics-core:2.6.3] AndroidManifest.xml:52:5-67
MERGED from [com.crashlytics.sdk.android:beta:1.2.9] AndroidManifest.xml:9:5-67
MERGED from [com.crashlytics.sdk.android:beta:1.2.9] AndroidManifest.xml:9:5-67
MERGED from [com.crashlytics.sdk.android:answers:1.4.2] AndroidManifest.xml:9:5-67
MERGED from [com.crashlytics.sdk.android:answers:1.4.2] AndroidManifest.xml:9:5-67
MERGED from [io.fabric.sdk.android:fabric:1.4.3] AndroidManifest.xml:29:5-67
MERGED from [io.fabric.sdk.android:fabric:1.4.3] AndroidManifest.xml:29:5-67
	android:name
		ADDED from src/main/AndroidManifest.xml:6:22-64
uses-permission#android.permission.WRITE_EXTERNAL_STORAGE
ADDED from src/main/AndroidManifest.xml:7:5-81
MERGED from [:gallerypick] AndroidManifest.xml:14:5-81
MERGED from [:gallerypick] AndroidManifest.xml:14:5-81
	android:name
		ADDED from src/main/AndroidManifest.xml:7:22-78
uses-permission#android.permission.READ_EXTERNAL_STORAGE
ADDED from src/main/AndroidManifest.xml:8:5-80
MERGED from [:gallerypick] AndroidManifest.xml:12:5-80
MERGED from [:gallerypick] AndroidManifest.xml:12:5-80
	android:name
		ADDED from src/main/AndroidManifest.xml:8:22-77
supports-screens
ADDED from src/main/AndroidManifest.xml:10:5-15:40
	android:largeScreens
		ADDED from src/main/AndroidManifest.xml:12:9-36
	android:smallScreens
		ADDED from src/main/AndroidManifest.xml:14:9-36
	android:normalScreens
		ADDED from src/main/AndroidManifest.xml:13:9-37
	android:xlargeScreens
		ADDED from src/main/AndroidManifest.xml:15:9-37
	android:anyDensity
		ADDED from src/main/AndroidManifest.xml:11:9-34
uses-feature#0x00020000
ADDED from src/main/AndroidManifest.xml:17:5-54
	android:glEsVersion
		ADDED from src/main/AndroidManifest.xml:17:19-51
uses-feature#android.hardware.touchscreen
ADDED from src/main/AndroidManifest.xml:18:5-20:36
	android:required
		ADDED from src/main/AndroidManifest.xml:20:9-33
	android:name
		ADDED from src/main/AndroidManifest.xml:19:9-52
uses-feature#android.hardware.touchscreen.multitouch
ADDED from src/main/AndroidManifest.xml:21:5-23:36
	android:required
		ADDED from src/main/AndroidManifest.xml:23:9-33
	android:name
		ADDED from src/main/AndroidManifest.xml:22:9-63
uses-feature#android.hardware.touchscreen.multitouch.distinct
ADDED from src/main/AndroidManifest.xml:24:5-26:36
	android:required
		ADDED from src/main/AndroidManifest.xml:26:9-33
	android:name
		ADDED from src/main/AndroidManifest.xml:25:9-72
application
ADDED from src/main/AndroidManifest.xml:29:5-151:19
MERGED from [com.crashlytics.sdk.android:crashlytics:2.9.4] AndroidManifest.xml:11:5-17:19
MERGED from [com.crashlytics.sdk.android:crashlytics:2.9.4] AndroidManifest.xml:11:5-17:19
MERGED from [:gallerypick] AndroidManifest.xml:16:5-39:19
MERGED from [:gallerypick] AndroidManifest.xml:16:5-39:19
MERGED from [com.facebook.android:facebook-android-sdk:4.33.0] AndroidManifest.xml:28:5-29:19
MERGED from [com.facebook.android:facebook-android-sdk:4.33.0] AndroidManifest.xml:28:5-29:19
MERGED from [com.facebook.android:facebook-login:4.33.0] AndroidManifest.xml:28:5-29:19
MERGED from [com.facebook.android:facebook-login:4.33.0] AndroidManifest.xml:28:5-29:19
MERGED from [com.github.everhad:AndroidRatingStar:v1.0.1] AndroidManifest.xml:11:5-15:19
MERGED from [com.github.everhad:AndroidRatingStar:v1.0.1] AndroidManifest.xml:11:5-15:19
MERGED from [com.facebook.android:facebook-share:4.33.0] AndroidManifest.xml:28:5-29:19
MERGED from [com.facebook.android:facebook-share:4.33.0] AndroidManifest.xml:28:5-29:19
MERGED from [com.facebook.android:facebook-common:4.33.0] AndroidManifest.xml:28:5-34:19
MERGED from [com.facebook.android:facebook-common:4.33.0] AndroidManifest.xml:28:5-34:19
MERGED from [com.google.android.gms:play-services-auth:15.0.1] AndroidManifest.xml:22:5-37:19
MERGED from [com.google.android.gms:play-services-auth:15.0.1] AndroidManifest.xml:22:5-37:19
MERGED from [com.google.firebase:firebase-auth:16.0.2] AndroidManifest.xml:22:5-36:19
MERGED from [com.google.firebase:firebase-auth:16.0.2] AndroidManifest.xml:22:5-36:19
MERGED from [com.google.firebase:firebase-messaging:17.0.0] AndroidManifest.xml:22:5-35:19
MERGED from [com.google.firebase:firebase-messaging:17.0.0] AndroidManifest.xml:22:5-35:19
MERGED from [com.google.firebase:firebase-auth-interop:16.0.0] AndroidManifest.xml:7:5-8:19
MERGED from [com.google.firebase:firebase-auth-interop:16.0.0] AndroidManifest.xml:7:5-8:19
MERGED from [com.google.firebase:firebase-core:16.0.1] AndroidManifest.xml:7:5-20
MERGED from [com.google.firebase:firebase-core:16.0.1] AndroidManifest.xml:7:5-20
MERGED from [com.google.firebase:firebase-measurement-connector-impl:16.0.1] AndroidManifest.xml:26:5-32:19
MERGED from [com.google.firebase:firebase-measurement-connector-impl:16.0.1] AndroidManifest.xml:26:5-32:19
MERGED from [com.google.firebase:firebase-analytics:16.0.1] AndroidManifest.xml:28:5-53:19
MERGED from [com.google.firebase:firebase-analytics:16.0.1] AndroidManifest.xml:28:5-53:19
MERGED from [com.google.firebase:firebase-analytics-impl:16.1.1] AndroidManifest.xml:28:5-38:19
MERGED from [com.google.firebase:firebase-analytics-impl:16.1.1] AndroidManifest.xml:28:5-38:19
MERGED from [com.google.firebase:firebase-iid:16.0.0] AndroidManifest.xml:34:5-63:19
MERGED from [com.google.firebase:firebase-iid:16.0.0] AndroidManifest.xml:34:5-63:19
MERGED from [com.google.firebase:firebase-iid-interop:16.0.0] AndroidManifest.xml:7:5-8:19
MERGED from [com.google.firebase:firebase-iid-interop:16.0.0] AndroidManifest.xml:7:5-8:19
MERGED from [com.google.android.gms:play-services-base:15.0.1] AndroidManifest.xml:22:5-27:19
MERGED from [com.google.android.gms:play-services-base:15.0.1] AndroidManifest.xml:22:5-27:19
MERGED from [com.google.firebase:firebase-common:16.0.0] AndroidManifest.xml:8:5-14:19
MERGED from [com.google.firebase:firebase-common:16.0.0] AndroidManifest.xml:8:5-14:19
MERGED from [com.google.android.gms:play-services-tasks:15.0.1] AndroidManifest.xml:7:5-20
MERGED from [com.google.android.gms:play-services-tasks:15.0.1] AndroidManifest.xml:7:5-20
MERGED from [com.google.firebase:firebase-measurement-connector:16.0.0] AndroidManifest.xml:22:5-23:19
MERGED from [com.google.firebase:firebase-measurement-connector:16.0.0] AndroidManifest.xml:22:5-23:19
MERGED from [com.google.android.gms:play-services-stats:15.0.1] AndroidManifest.xml:7:5-20
MERGED from [com.google.android.gms:play-services-stats:15.0.1] AndroidManifest.xml:7:5-20
MERGED from [com.google.android.gms:play-services-ads-identifier:15.0.1] AndroidManifest.xml:22:5-20
MERGED from [com.google.android.gms:play-services-ads-identifier:15.0.1] AndroidManifest.xml:22:5-20
MERGED from [com.google.android.gms:play-services-basement:15.0.1] AndroidManifest.xml:22:5-26:19
MERGED from [com.google.android.gms:play-services-basement:15.0.1] AndroidManifest.xml:22:5-26:19
MERGED from [com.facebook.android:facebook-places:4.33.0] AndroidManifest.xml:28:5-29:19
MERGED from [com.facebook.android:facebook-places:4.33.0] AndroidManifest.xml:28:5-29:19
MERGED from [com.facebook.android:facebook-applinks:4.33.0] AndroidManifest.xml:28:5-29:19
MERGED from [com.facebook.android:facebook-applinks:4.33.0] AndroidManifest.xml:28:5-29:19
MERGED from [com.facebook.android:facebook-messenger:4.33.0] AndroidManifest.xml:28:5-29:19
MERGED from [com.facebook.android:facebook-messenger:4.33.0] AndroidManifest.xml:28:5-29:19
MERGED from [com.facebook.android:facebook-core:4.33.0] AndroidManifest.xml:28:5-51:19
MERGED from [com.facebook.android:facebook-core:4.33.0] AndroidManifest.xml:28:5-51:19
MERGED from [de.hdodenhof:circleimageview:2.2.0] AndroidManifest.xml:9:5-20
MERGED from [de.hdodenhof:circleimageview:2.2.0] AndroidManifest.xml:9:5-20
MERGED from [com.mikepenz:google-material-typeface:3.0.1.0.original] AndroidManifest.xml:27:5-20
MERGED from [com.mikepenz:google-material-typeface:3.0.1.0.original] AndroidManifest.xml:27:5-20
MERGED from [com.github.drawers:SpinnerDatePicker:1.0.6] AndroidManifest.xml:11:5-12:19
MERGED from [com.github.drawers:SpinnerDatePicker:1.0.6] AndroidManifest.xml:11:5-12:19
MERGED from [com.crashlytics.sdk.android:crashlytics-core:2.6.3] AndroidManifest.xml:54:5-20
MERGED from [com.crashlytics.sdk.android:crashlytics-core:2.6.3] AndroidManifest.xml:54:5-20
MERGED from [com.crashlytics.sdk.android:beta:1.2.9] AndroidManifest.xml:11:5-20
MERGED from [com.crashlytics.sdk.android:beta:1.2.9] AndroidManifest.xml:11:5-20
MERGED from [com.crashlytics.sdk.android:answers:1.4.2] AndroidManifest.xml:11:5-20
MERGED from [com.crashlytics.sdk.android:answers:1.4.2] AndroidManifest.xml:11:5-20
MERGED from [io.fabric.sdk.android:fabric:1.4.3] AndroidManifest.xml:31:5-20
MERGED from [io.fabric.sdk.android:fabric:1.4.3] AndroidManifest.xml:31:5-20
MERGED from [com.google.android.gms:play-services-measurement-base:16.0.0] AndroidManifest.xml:22:5-20
MERGED from [com.google.android.gms:play-services-measurement-base:16.0.0] AndroidManifest.xml:22:5-20
	android:supportsRtl
		ADDED from src/main/AndroidManifest.xml:34:9-35
	android:label
		ADDED from src/main/AndroidManifest.xml:33:9-41
	android:icon
		ADDED from src/main/AndroidManifest.xml:32:9-43
	android:allowBackup
		ADDED from src/main/AndroidManifest.xml:31:9-35
	android:theme
		ADDED from src/main/AndroidManifest.xml:35:9-61
	android:name
		ADDED from src/main/AndroidManifest.xml:30:9-44
provider#android.support.v4.content.FileProvider
ADDED from src/main/AndroidManifest.xml:36:9-44:20
	android:grantUriPermissions
		ADDED from src/main/AndroidManifest.xml:40:13-47
	android:authorities
		ADDED from src/main/AndroidManifest.xml:38:13-77
	android:exported
		ADDED from src/main/AndroidManifest.xml:39:13-37
	android:name
		ADDED from src/main/AndroidManifest.xml:37:13-67
meta-data#android.support.FILE_PROVIDER_PATHS
ADDED from src/main/AndroidManifest.xml:41:13-43:53
	android:resource
		ADDED from src/main/AndroidManifest.xml:43:17-50
	android:name
		ADDED from src/main/AndroidManifest.xml:42:17-67
activity#com.giahan.app.vietskindoctor.activity.SplashActivity
ADDED from src/main/AndroidManifest.xml:46:9-54:20
	android:screenOrientation
		ADDED from src/main/AndroidManifest.xml:48:13-49
	android:name
		ADDED from src/main/AndroidManifest.xml:47:13-52
intent-filter#action:name:android.intent.action.MAIN+category:name:android.intent.category.LAUNCHER
ADDED from src/main/AndroidManifest.xml:49:13-53:29
action#android.intent.action.MAIN
ADDED from src/main/AndroidManifest.xml:50:17-69
	android:name
		ADDED from src/main/AndroidManifest.xml:50:25-66
category#android.intent.category.LAUNCHER
ADDED from src/main/AndroidManifest.xml:52:17-77
	android:name
		ADDED from src/main/AndroidManifest.xml:52:27-74
service#com.giahan.app.vietskindoctor.services.firebase.FMService
ADDED from src/main/AndroidManifest.xml:56:9-62:19
	android:exported
		ADDED from src/main/AndroidManifest.xml:57:13-37
	android:name
		ADDED from src/main/AndroidManifest.xml:58:13-56
intent-filter#action:name:com.google.firebase.MESSAGING_EVENT
ADDED from src/main/AndroidManifest.xml:59:13-61:29
action#com.google.firebase.MESSAGING_EVENT
ADDED from src/main/AndroidManifest.xml:60:17-77
	android:name
		ADDED from src/main/AndroidManifest.xml:60:25-75
service#com.giahan.app.vietskindoctor.services.firebase.FIDService
ADDED from src/main/AndroidManifest.xml:64:9-70:19
	android:exported
		ADDED from src/main/AndroidManifest.xml:65:13-37
	android:name
		ADDED from src/main/AndroidManifest.xml:66:13-57
intent-filter#action:name:com.google.firebase.INSTANCE_ID_EVENT
ADDED from src/main/AndroidManifest.xml:67:13-69:29
action#com.google.firebase.INSTANCE_ID_EVENT
ADDED from src/main/AndroidManifest.xml:68:17-79
	android:name
		ADDED from src/main/AndroidManifest.xml:68:25-77
meta-data#com.facebook.sdk.ApplicationId
ADDED from src/main/AndroidManifest.xml:72:9-73:54
	android:value
		ADDED from src/main/AndroidManifest.xml:73:13-52
	android:name
		ADDED from src/main/AndroidManifest.xml:72:20-65
activity#com.facebook.FacebookActivity
ADDED from src/main/AndroidManifest.xml:75:9-80:56
MERGED from [com.facebook.android:facebook-common:4.33.0] AndroidManifest.xml:29:9-32:66
MERGED from [com.facebook.android:facebook-common:4.33.0] AndroidManifest.xml:29:9-32:66
	android:label
		ADDED from src/main/AndroidManifest.xml:79:13-45
	android:configChanges
		ADDED from src/main/AndroidManifest.xml:78:13-96
	android:theme
		ADDED from src/main/AndroidManifest.xml:80:13-53
		REJECTED from [com.facebook.android:facebook-common:4.33.0] AndroidManifest.xml:32:13-63
	tools:replace
		ADDED from src/main/AndroidManifest.xml:76:13-42
	android:name
		ADDED from src/main/AndroidManifest.xml:77:13-57
activity#com.giahan.app.vietskindoctor.activity.LoginActivity
ADDED from src/main/AndroidManifest.xml:82:9-85:52
	android:screenOrientation
		ADDED from src/main/AndroidManifest.xml:85:13-49
	android:configChanges
		ADDED from src/main/AndroidManifest.xml:84:13-120
	android:name
		ADDED from src/main/AndroidManifest.xml:83:13-51
activity#com.giahan.app.vietskindoctor.activity.MainActivity
ADDED from src/main/AndroidManifest.xml:87:9-91:54
	android:screenOrientation
		ADDED from src/main/AndroidManifest.xml:90:13-49
	android:windowSoftInputMode
		ADDED from src/main/AndroidManifest.xml:91:13-52
	android:configChanges
		ADDED from src/main/AndroidManifest.xml:89:13-120
	android:name
		ADDED from src/main/AndroidManifest.xml:88:13-50
activity#com.giahan.app.vietskindoctor.activity.Main2
ADDED from src/main/AndroidManifest.xml:93:9-96:52
	android:screenOrientation
		ADDED from src/main/AndroidManifest.xml:96:13-49
	android:configChanges
		ADDED from src/main/AndroidManifest.xml:95:13-120
	android:name
		ADDED from src/main/AndroidManifest.xml:94:13-43
activity#com.giahan.app.vietskindoctor.activity.LoginV2Activity
ADDED from src/main/AndroidManifest.xml:98:9-101:52
	android:screenOrientation
		ADDED from src/main/AndroidManifest.xml:101:13-49
	android:configChanges
		ADDED from src/main/AndroidManifest.xml:100:13-120
	android:name
		ADDED from src/main/AndroidManifest.xml:99:13-53
activity#com.giahan.app.vietskindoctor.activity.GuideActivity
ADDED from src/main/AndroidManifest.xml:103:9-107:66
	android:screenOrientation
		ADDED from src/main/AndroidManifest.xml:106:13-49
	android:configChanges
		ADDED from src/main/AndroidManifest.xml:105:13-120
	android:theme
		ADDED from src/main/AndroidManifest.xml:107:13-64
	android:name
		ADDED from src/main/AndroidManifest.xml:104:13-51
activity#com.giahan.app.vietskindoctor.activity.WellcomeActivity
ADDED from src/main/AndroidManifest.xml:109:9-112:52
	android:screenOrientation
		ADDED from src/main/AndroidManifest.xml:112:13-49
	android:configChanges
		ADDED from src/main/AndroidManifest.xml:111:13-120
	android:name
		ADDED from src/main/AndroidManifest.xml:110:13-54
activity#com.giahan.app.vietskindoctor.activity.ControlActivity
ADDED from src/main/AndroidManifest.xml:114:9-117:52
	android:screenOrientation
		ADDED from src/main/AndroidManifest.xml:117:13-49
	android:configChanges
		ADDED from src/main/AndroidManifest.xml:116:13-120
	android:name
		ADDED from src/main/AndroidManifest.xml:115:13-53
activity#com.giahan.app.vietskindoctor.activity.IntroImageActivity
ADDED from src/main/AndroidManifest.xml:119:9-123:67
	android:screenOrientation
		ADDED from src/main/AndroidManifest.xml:122:13-49
	android:configChanges
		ADDED from src/main/AndroidManifest.xml:121:13-120
	android:theme
		ADDED from src/main/AndroidManifest.xml:123:13-64
	android:name
		ADDED from src/main/AndroidManifest.xml:120:13-56
activity#com.giahan.app.vietskindoctor.activity.WebviewActivity
ADDED from src/main/AndroidManifest.xml:125:9-129:67
	android:screenOrientation
		ADDED from src/main/AndroidManifest.xml:128:13-49
	android:configChanges
		ADDED from src/main/AndroidManifest.xml:127:13-120
	android:theme
		ADDED from src/main/AndroidManifest.xml:129:13-65
	android:name
		ADDED from src/main/AndroidManifest.xml:126:13-53
meta-data#io.fabric.ApiKey
ADDED from src/main/AndroidManifest.xml:148:9-150:72
	android:value
		ADDED from src/main/AndroidManifest.xml:150:13-69
	android:name
		ADDED from src/main/AndroidManifest.xml:149:13-44
uses-sdk
INJECTED from src/main/AndroidManifest.xml reason: use-sdk injection requested
INJECTED from src/main/AndroidManifest.xml
INJECTED from src/main/AndroidManifest.xml
MERGED from [com.android.support:multidex:1.0.3] AndroidManifest.xml:20:5-43
MERGED from [com.android.support:multidex:1.0.3] AndroidManifest.xml:20:5-43
MERGED from [com.crashlytics.sdk.android:crashlytics:2.9.4] AndroidManifest.xml:7:5-43
MERGED from [com.crashlytics.sdk.android:crashlytics:2.9.4] AndroidManifest.xml:7:5-43
MERGED from [:gallerypick] AndroidManifest.xml:7:5-9:41
MERGED from [:gallerypick] AndroidManifest.xml:7:5-9:41
MERGED from [com.android.support:design:27.1.1] AndroidManifest.xml:20:5-44
MERGED from [com.android.support:design:27.1.1] AndroidManifest.xml:20:5-44
MERGED from [com.facebook.android:facebook-android-sdk:4.33.0] AndroidManifest.xml:24:5-26:41
MERGED from [com.facebook.android:facebook-android-sdk:4.33.0] AndroidManifest.xml:24:5-26:41
MERGED from [com.facebook.android:facebook-login:4.33.0] AndroidManifest.xml:24:5-26:41
MERGED from [com.facebook.android:facebook-login:4.33.0] AndroidManifest.xml:24:5-26:41
MERGED from [com.rengwuxian.materialedittext:library:2.1.4] AndroidManifest.xml:6:5-8:41
MERGED from [com.rengwuxian.materialedittext:library:2.1.4] AndroidManifest.xml:6:5-8:41
MERGED from [com.github.everhad:AndroidRatingStar:v1.0.1] AndroidManifest.xml:7:5-9:41
MERGED from [com.github.everhad:AndroidRatingStar:v1.0.1] AndroidManifest.xml:7:5-9:41
MERGED from [com.ryanjeffreybrooks:indefinitepagerindicator:1.0.9] AndroidManifest.xml:7:5-9:41
MERGED from [com.ryanjeffreybrooks:indefinitepagerindicator:1.0.9] AndroidManifest.xml:7:5-9:41
MERGED from [com.yalantis:ucrop:2.2.0] AndroidManifest.xml:8:5-10:41
MERGED from [com.yalantis:ucrop:2.2.0] AndroidManifest.xml:8:5-10:41
MERGED from [com.facebook.android:facebook-share:4.33.0] AndroidManifest.xml:24:5-26:41
MERGED from [com.facebook.android:facebook-share:4.33.0] AndroidManifest.xml:24:5-26:41
MERGED from [com.facebook.android:facebook-common:4.33.0] AndroidManifest.xml:24:5-26:41
MERGED from [com.facebook.android:facebook-common:4.33.0] AndroidManifest.xml:24:5-26:41
MERGED from [com.android.support:appcompat-v7:27.1.1] AndroidManifest.xml:20:5-44
MERGED from [com.android.support:appcompat-v7:27.1.1] AndroidManifest.xml:20:5-44
MERGED from [com.android.support:recyclerview-v7:27.1.1] AndroidManifest.xml:20:5-44
MERGED from [com.android.support:recyclerview-v7:27.1.1] AndroidManifest.xml:20:5-44
MERGED from [com.google.android.gms:play-services-auth:15.0.1] AndroidManifest.xml:20:5-44
MERGED from [com.google.android.gms:play-services-auth:15.0.1] AndroidManifest.xml:20:5-44
MERGED from [com.google.firebase:firebase-auth:16.0.2] AndroidManifest.xml:20:5-44
MERGED from [com.google.firebase:firebase-auth:16.0.2] AndroidManifest.xml:20:5-44
MERGED from [com.google.firebase:firebase-messaging:17.0.0] AndroidManifest.xml:20:5-44
MERGED from [com.google.firebase:firebase-messaging:17.0.0] AndroidManifest.xml:20:5-44
MERGED from [com.google.android.gms:play-services-auth-api-phone:15.0.1] AndroidManifest.xml:5:5-44
MERGED from [com.google.android.gms:play-services-auth-api-phone:15.0.1] AndroidManifest.xml:5:5-44
MERGED from [com.google.android.gms:play-services-auth-base:15.0.1] AndroidManifest.xml:5:5-44
MERGED from [com.google.android.gms:play-services-auth-base:15.0.1] AndroidManifest.xml:5:5-44
MERGED from [com.google.android.gms:play-services-flags:15.0.1] AndroidManifest.xml:20:5-44
MERGED from [com.google.android.gms:play-services-flags:15.0.1] AndroidManifest.xml:20:5-44
MERGED from [com.google.firebase:firebase-auth-interop:16.0.0] AndroidManifest.xml:5:5-44
MERGED from [com.google.firebase:firebase-auth-interop:16.0.0] AndroidManifest.xml:5:5-44
MERGED from [com.google.firebase:firebase-core:16.0.1] AndroidManifest.xml:5:5-44
MERGED from [com.google.firebase:firebase-core:16.0.1] AndroidManifest.xml:5:5-44
MERGED from [com.google.firebase:firebase-measurement-connector-impl:16.0.1] AndroidManifest.xml:20:5-44
MERGED from [com.google.firebase:firebase-measurement-connector-impl:16.0.1] AndroidManifest.xml:20:5-44
MERGED from [com.google.firebase:firebase-analytics:16.0.1] AndroidManifest.xml:20:5-44
MERGED from [com.google.firebase:firebase-analytics:16.0.1] AndroidManifest.xml:20:5-44
MERGED from [com.google.firebase:firebase-analytics-impl:16.1.1] AndroidManifest.xml:20:5-44
MERGED from [com.google.firebase:firebase-analytics-impl:16.1.1] AndroidManifest.xml:20:5-44
MERGED from [com.google.firebase:firebase-iid:16.0.0] AndroidManifest.xml:20:5-44
MERGED from [com.google.firebase:firebase-iid:16.0.0] AndroidManifest.xml:20:5-44
MERGED from [com.google.firebase:firebase-iid-interop:16.0.0] AndroidManifest.xml:5:5-44
MERGED from [com.google.firebase:firebase-iid-interop:16.0.0] AndroidManifest.xml:5:5-44
MERGED from [com.google.android.gms:play-services-base:15.0.1] AndroidManifest.xml:20:5-44
MERGED from [com.google.android.gms:play-services-base:15.0.1] AndroidManifest.xml:20:5-44
MERGED from [com.google.firebase:firebase-common:16.0.0] AndroidManifest.xml:5:5-6:37
MERGED from [com.google.firebase:firebase-common:16.0.0] AndroidManifest.xml:5:5-6:37
MERGED from [com.google.android.gms:play-services-tasks:15.0.1] AndroidManifest.xml:5:5-44
MERGED from [com.google.android.gms:play-services-tasks:15.0.1] AndroidManifest.xml:5:5-44
MERGED from [com.google.firebase:firebase-measurement-connector:16.0.0] AndroidManifest.xml:20:5-44
MERGED from [com.google.firebase:firebase-measurement-connector:16.0.0] AndroidManifest.xml:20:5-44
MERGED from [com.google.android.gms:play-services-stats:15.0.1] AndroidManifest.xml:5:5-44
MERGED from [com.google.android.gms:play-services-stats:15.0.1] AndroidManifest.xml:5:5-44
MERGED from [com.google.android.gms:play-services-ads-identifier:15.0.1] AndroidManifest.xml:20:5-44